time="2024-06-12T17:08:53+05:30" level=info msg="Server Started..."
time="2024-06-12T17:09:30+05:30" level=info msg="Processing login request"
time="2024-06-12T17:09:30+05:30" level=info msg="Request body bound successfully"
time="2024-06-12T17:09:30+05:30" level=error msg="Error during Employer RPC call" error="rpc error: code = Unavailable desc = connection error: desc = \"transport: Error while dialing: dial tcp 127.0.0.1:50052: connect: connection refused\""
time="2024-06-14T15:59:16+05:30" level=info msg="Server Started..."
time="2024-06-14T15:59:53+05:30" level=info msg="Server Started..."
time="2024-06-14T16:04:09+05:30" level=info msg="Server Started..."
time="2024-06-14T16:05:12+05:30" level=info msg="Server Started..."
time="2024-06-14T16:05:37+05:30" level=info msg="Processing job seeker sign up request"
time="2024-06-14T16:05:37+05:30" level=info msg="Job seeker created successfully"
time="2024-06-14T16:06:29+05:30" level=info msg="Server Started..."
time="2024-06-14T16:06:50+05:30" level=info msg="Processing job seeker login request"
time="2024-06-14T16:06:50+05:30" level=info msg="Job seeker authenticated successfully"
time="2024-06-14T16:09:01+05:30" level=info msg="Processing signup request"
time="2024-06-14T16:09:01+05:30" level=info msg="Request body bound successfully"
time="2024-06-14T16:09:02+05:30" level=info msg="Signup successful for user"
time="2024-06-14T16:09:44+05:30" level=info msg="Processing login request"
time="2024-06-14T16:09:44+05:30" level=info msg="Request body bound successfully"
time="2024-06-14T16:09:44+05:30" level=info msg="Login successful for user"
time="2024-06-14T16:17:42+05:30" level=info msg="Processing login request"
time="2024-06-14T16:17:42+05:30" level=info msg="Request body bound successfully"
time="2024-06-14T16:17:42+05:30" level=info msg="Login successful for user"
time="2024-06-19T16:25:54+05:30" level=info msg="Server Started..."
time="2024-06-19T16:31:03+05:30" level=info msg="Processing login request"
time="2024-06-19T16:31:03+05:30" level=info msg="Request body bound successfully"
time="2024-06-19T16:31:03+05:30" level=error msg="Error during Employer RPC call" error="rpc error: code = Unknown desc = email doesn't exist"
time="2024-06-19T16:31:13+05:30" level=info msg="Processing login request"
time="2024-06-19T16:31:13+05:30" level=info msg="Request body bound successfully"
time="2024-06-19T16:31:13+05:30" level=error msg="Error during Employer RPC call" error="rpc error: code = Unknown desc = email doesn't exist"
time="2024-06-19T16:31:42+05:30" level=info msg="Processing job seeker login request"
time="2024-06-19T16:31:42+05:30" level=info msg="Job seeker authenticated successfully"
time="2024-06-21T17:24:23+05:30" level=info msg="Server Started..."
time="2024-06-21T18:28:21+05:30" level=info msg="Processing post job opening request"
time="2024-06-21T18:28:21+05:30" level=info msg="Employer ID: 1"
time="2024-06-21T18:28:21+05:30" level=error msg="Failed to create job opening: failed to post job opening: rpc error: code = Unavailable desc = connection error: desc = \"transport: Error while dialing: dial tcp 127.0.0.1:50051: connect: connection refused\""
time="2024-06-21T18:32:39+05:30" level=info msg="Processing post job opening request"
time="2024-06-21T18:32:39+05:30" level=info msg="Employer ID: 1"
time="2024-06-21T18:32:39+05:30" level=error msg="Failed to create job opening: failed to post job opening: rpc error: code = Unavailable desc = connection error: desc = \"transport: Error while dialing: dial tcp 127.0.0.1:50051: connect: connection refused\""
time="2024-06-21T18:32:42+05:30" level=info msg="Processing post job opening request"
time="2024-06-21T18:32:42+05:30" level=info msg="Employer ID: 1"
time="2024-06-21T18:32:42+05:30" level=error msg="Failed to create job opening: failed to post job opening: rpc error: code = Unavailable desc = connection error: desc = \"transport: Error while dialing: dial tcp 127.0.0.1:50051: connect: connection refused\""
time="2024-06-21T18:44:33+05:30" level=info msg="Processing post job opening request"
time="2024-06-21T18:44:33+05:30" level=info msg="Employer ID: 1"
time="2024-06-21T18:44:33+05:30" level=error msg="Failed to create job opening: failed to post job opening: rpc error: code = Unavailable desc = connection error: desc = \"transport: Error while dialing: dial tcp 127.0.0.1:50051: connect: connection refused\""
time="2024-06-21T18:47:57+05:30" level=info msg="Processing post job opening request"
time="2024-06-21T18:47:57+05:30" level=info msg="Employer ID: 1"
time="2024-06-21T18:47:57+05:30" level=error msg="Failed to create job opening: failed to post job opening: rpc error: code = Unavailable desc = connection error: desc = \"transport: Error while dialing: dial tcp 127.0.0.1:50051: connect: connection refused\""
time="2024-06-21T19:04:57+05:30" level=info msg="Processing post job opening request"
time="2024-06-21T19:04:57+05:30" level=info msg="Employer ID: 1"
time="2024-06-21T19:04:57+05:30" level=error msg="Failed to create job opening: failed to post job opening: rpc error: code = Unavailable desc = connection error: desc = \"transport: Error while dialing: dial tcp 127.0.0.1:50051: connect: connection refused\""
time="2024-06-21T19:19:25+05:30" level=info msg="Processing post job opening request"
time="2024-06-21T19:19:25+05:30" level=info msg="Employer ID: 1"
time="2024-06-21T19:19:25+05:30" level=error msg="Failed to create job opening: failed to post job opening: rpc error: code = Unavailable desc = connection error: desc = \"transport: Error while dialing: dial tcp 127.0.0.1:50051: connect: connection refused\""
time="2024-06-21T20:23:55+05:30" level=info msg="Processing post job opening request"
time="2024-06-21T20:23:55+05:30" level=info msg="Employer ID: 1"
time="2024-06-21T20:23:55+05:30" level=error msg="Failed to create job opening: failed to post job opening: rpc error: code = Unavailable desc = connection error: desc = \"transport: Error while dialing: dial tcp 127.0.0.1:50051: connect: connection refused\""
time="2024-06-21T20:24:07+05:30" level=info msg="Processing post job opening request"
time="2024-06-21T20:24:07+05:30" level=info msg="Employer ID: 1"
time="2024-06-21T20:24:07+05:30" level=error msg="Failed to create job opening: failed to post job opening: rpc error: code = Unavailable desc = connection error: desc = \"transport: Error while dialing: dial tcp 127.0.0.1:50051: connect: connection refused\""
time="2024-06-21T20:41:20+05:30" level=info msg="Processing post job opening request"
time="2024-06-21T20:41:20+05:30" level=info msg="Employer ID: 1"
time="2024-06-21T20:41:20+05:30" level=error msg="Failed to create job opening: failed to post job opening: rpc error: code = Unavailable desc = connection error: desc = \"transport: Error while dialing: dial tcp 127.0.0.1:50051: connect: connection refused\""
time="2024-06-21T20:41:23+05:30" level=info msg="Processing post job opening request"
time="2024-06-21T20:41:23+05:30" level=info msg="Employer ID: 1"
time="2024-06-21T20:41:23+05:30" level=error msg="Failed to create job opening: failed to post job opening: rpc error: code = Unavailable desc = connection error: desc = \"transport: Error while dialing: dial tcp 127.0.0.1:50051: connect: connection refused\""
time="2024-06-21T20:50:12+05:30" level=info msg="Processing post job opening request"
time="2024-06-21T20:50:12+05:30" level=info msg="Employer ID: 1"
time="2024-06-21T20:50:12+05:30" level=error msg="Failed to create job opening: failed to post job opening: rpc error: code = Unavailable desc = connection error: desc = \"transport: Error while dialing: dial tcp 127.0.0.1:50051: connect: connection refused\""
time="2024-06-21T20:50:29+05:30" level=info msg="Processing post job opening request"
time="2024-06-21T20:50:29+05:30" level=info msg="Employer ID: 1"
time="2024-06-21T20:50:29+05:30" level=error msg="Failed to create job opening: failed to post job opening: rpc error: code = Unavailable desc = connection error: desc = \"transport: Error while dialing: dial tcp 127.0.0.1:50051: connect: connection refused\""
time="2024-06-21T21:00:39+05:30" level=info msg="Processing post job opening request"
time="2024-06-21T21:00:39+05:30" level=info msg="Employer ID: 1"
time="2024-06-21T21:00:39+05:30" level=error msg="Failed to create job opening: failed to post job opening: rpc error: code = Unavailable desc = connection error: desc = \"transport: Error while dialing: dial tcp 127.0.0.1:50051: connect: connection refused\""
time="2024-06-21T21:00:42+05:30" level=info msg="Processing post job opening request"
time="2024-06-21T21:00:42+05:30" level=info msg="Employer ID: 1"
time="2024-06-21T21:00:42+05:30" level=error msg="Failed to create job opening: failed to post job opening: rpc error: code = Unavailable desc = connection error: desc = \"transport: Error while dialing: dial tcp 127.0.0.1:50051: connect: connection refused\""
time="2024-06-21T21:23:39+05:30" level=info msg="Processing post job opening request"
time="2024-06-21T21:23:39+05:30" level=info msg="Employer ID: 1"
time="2024-06-21T21:23:39+05:30" level=error msg="Failed to create job opening: failed to post job opening: rpc error: code = Unavailable desc = connection error: desc = \"transport: Error while dialing: dial tcp 127.0.0.1:50051: connect: connection refused\""
time="2024-06-22T11:42:44+05:30" level=info msg="Server Started..."
time="2024-06-22T11:44:31+05:30" level=info msg="Processing login request"
time="2024-06-22T11:44:31+05:30" level=info msg="Request body bound successfully"
time="2024-06-22T11:44:32+05:30" level=info msg="Login successful for user"
time="2024-06-22T11:45:22+05:30" level=info msg="Processing get a job request"
time="2024-06-22T11:45:22+05:30" level=info msg="Job ID: 2"
time="2024-06-22T11:45:22+05:30" level=error msg="Failed to fetch jobs: failed to get job: rpc error: code = Unknown desc = job with ID 2 does not exist"
time="2024-06-22T11:46:06+05:30" level=info msg="Processing get a job request"
time="2024-06-22T11:46:06+05:30" level=info msg="Job ID: 1"
time="2024-06-22T11:46:06+05:30" level=error msg="Failed to fetch jobs: failed to get job: rpc error: code = Unknown desc = job with ID 1 does not exist"
time="2024-06-22T11:46:12+05:30" level=info msg="Processing get a job request"
time="2024-06-22T11:46:12+05:30" level=info msg="Job ID: 3"
time="2024-06-22T11:46:12+05:30" level=error msg="Failed to fetch jobs: failed to get job: rpc error: code = Unknown desc = job with ID 3 does not exist"
time="2024-06-22T11:46:31+05:30" level=info msg="Processing get a job request"
time="2024-06-22T11:46:31+05:30" level=info msg="Job ID: 2"
time="2024-06-22T11:46:31+05:30" level=error msg="Failed to fetch jobs: failed to get job: rpc error: code = Unknown desc = job with ID 2 does not exist"
time="2024-06-22T11:48:48+05:30" level=info msg="Processing get a job request"
time="2024-06-22T11:48:48+05:30" level=info msg="Job ID: 3"
time="2024-06-22T11:48:48+05:30" level=error msg="Failed to fetch jobs: failed to get job: rpc error: code = Unknown desc = job with ID 3 does not exist"
time="2024-06-22T11:49:28+05:30" level=info msg="Processing update a job request"
time="2024-06-22T11:49:28+05:30" level=info msg="Job ID: 3"
time="2024-06-22T11:49:28+05:30" level=error msg="Failed to update job: failed to post job opening: rpc error: code = Unknown desc = invalid input data"
time="2024-06-22T11:53:41+05:30" level=info msg="Processing job seeker login request"
time="2024-06-22T11:53:41+05:30" level=info msg="Job seeker authenticated successfully"
time="2024-06-22T11:55:44+05:30" level=info msg="Processing job seeker login request"
time="2024-06-22T11:55:44+05:30" level=info msg="Job seeker authenticated successfully"
time="2024-06-22T11:57:10+05:30" level=info msg="Processing view all jobs request"
time="2024-06-22T11:57:10+05:30" level=info msg="Keyword: software"
time="2024-06-22T11:57:10+05:30" level=info msg="Jobs retrieved successfully"
time="2024-06-22T11:57:45+05:30" level=info msg="Received request to get job details"
time="2024-06-22T11:57:45+05:30" level=info msg="Successfully retrieved job details"
time="2024-06-22T11:57:56+05:30" level=info msg="Received request to get job details"
time="2024-06-22T11:57:56+05:30" level=error msg="Failed to fetch job details" error="failed to get job details: rpc error: code = Unknown desc = job with ID 6 does not exist"
time="2024-06-22T11:58:01+05:30" level=info msg="Received request to get job details"
time="2024-06-22T11:58:01+05:30" level=info msg="Successfully retrieved job details"
time="2024-06-22T11:58:08+05:30" level=info msg="Received request to get job details"
time="2024-06-22T11:58:08+05:30" level=error msg="Failed to fetch job details" error="failed to get job details: rpc error: code = Unknown desc = job with ID 3 does not exist"
time="2024-06-22T11:58:13+05:30" level=info msg="Received request to get job details"
time="2024-06-22T11:58:13+05:30" level=error msg="Failed to fetch job details" error="failed to get job details: rpc error: code = Unknown desc = job with ID 2 does not exist"
time="2024-06-22T11:58:18+05:30" level=info msg="Received request to get job details"
time="2024-06-22T11:58:18+05:30" level=info msg="Successfully retrieved job details"
time="2024-06-22T11:59:05+05:30" level=info msg="Processing apply job request"
time="2024-06-22T11:59:05+05:30" level=error msg="Error in getting resume file"
time="2024-06-22T11:59:32+05:30" level=info msg="Processing apply job request"
time="2024-06-22T11:59:32+05:30" level=info msg="Sending job application to gRPC client"
time="2024-06-22T11:59:34+05:30" level=error msg="Failed to apply for job"
time="2024-06-22T12:18:13+05:30" level=info msg="Server Started..."
time="2024-06-22T13:13:38+05:30" level=info msg="Processing schedule interview request"
time="2024-06-22T13:13:44+05:30" level=info msg="Interview scheduled successfully"
time="2024-06-22T13:18:34+05:30" level=info msg="Server Started..."
time="2024-06-22T13:25:48+05:30" level=info msg="Processing job seeker login request"
time="2024-06-22T13:25:49+05:30" level=info msg="Job seeker authenticated successfully"
time="2024-06-22T13:29:49+05:30" level=info msg="Server Started..."
time="2024-06-22T13:30:47+05:30" level=info msg="Server Started..."
time="2024-06-22T13:31:32+05:30" level=info msg="Server Started..."
time="2024-06-22T13:33:54+05:30" level=info msg="Server Started..."
time="2024-06-22T13:35:06+05:30" level=info msg="Server Started..."
time="2024-06-22T13:37:47+05:30" level=info msg="Server Started..."
time="2024-06-22T13:38:58+05:30" level=info msg="Server Started..."
time="2024-06-22T13:40:02+05:30" level=info msg="Server Started..."
time="2024-06-22T13:42:15+05:30" level=info msg="Server Started..."
time="2024-06-22T13:43:52+05:30" level=info msg="Server Started..."
time="2024-06-22T13:48:29+05:30" level=info msg="Server Started..."
time="2024-06-22T13:49:38+05:30" level=info msg="Server Started..."
time="2024-06-22T13:51:34+05:30" level=info msg="Server Started..."
time="2024-06-22T13:54:06+05:30" level=info msg="Server Started..."
time="2024-06-22T13:54:33+05:30" level=info msg="Server Started..."
